<?xml version="1.0" encoding="UTF-8"?>
<testng-results ignored="0" total="1" passed="1" failed="0" skipped="0">
  <reporter-output>
  </reporter-output>
  <suite started-at="2026-03-25T18:58:04 GMT-05:00" name="Default suite" finished-at="2026-03-25T18:58:09 GMT-05:00" duration-ms="5521">
    <groups>
    </groups>
    <test started-at="2026-03-25T18:58:04 GMT-05:00" name="Default test" finished-at="2026-03-25T18:58:09 GMT-05:00" duration-ms="5521">
      <class name="websitetest.DynamicControls">
        <test-method signature="dynamicRemoveTest()[pri:0, instance:websitetest.DynamicControls@5223e5ee]" started-at="2026-03-25T18:58:04 GMT-05:00" name="dynamicRemoveTest" finished-at="2026-03-25T18:58:09 GMT-05:00" duration-ms="5464" status="PASS">
          <reporter-output>
          </reporter-output>
        </test-method> <!-- dynamicRemoveTest -->
      </class> <!-- websitetest.DynamicControls -->
    </test> <!-- Default test -->
  </suite> <!-- Default suite -->
</testng-results>
